# JRE version: Java(TM) SE Runtime Environment (8.0_25-b18) (build 1.8.0_25-b18)
# Java VM: Java HotSpot(TM) 64-Bit Server VM (25.25-b02 mixed mode windows-amd64 compressed oops)
Heap:
 PSYoungGen      total 86528K, used 33647K [0x00000000f5580000, 0x00000000fbe00000, 0x0000000100000000)
  eden space 68608K, 37% used [0x00000000f5580000,0x00000000f6e952c0,0x00000000f9880000)
  from space 17920K, 44% used [0x00000000f9880000,0x00000000fa046ab0,0x00000000faa00000)
  to   space 17920K, 0% used [0x00000000fac80000,0x00000000fac80000,0x00000000fbe00000)
 ParOldGen       total 98816K, used 33925K [0x00000000e0000000, 0x00000000e6080000, 0x00000000f5580000)
  object space 98816K, 34% used [0x00000000e0000000,0x00000000e2121700,0x00000000e6080000)
 Metaspace       used 78015K, capacity 83972K, committed 84184K, reserved 1122304K
  class space    used 9481K, capacity 11361K, committed 11480K, reserved 1048576K
GC Heap History (10 events):
Event: 466.170 GC heap before
{Heap before GC invocations=32 (full 9):
 PSYoungGen      total 87040K, used 39549K [0x00000000f5580000, 0x00000000fbe80000, 0x0000000100000000)
  eden space 68608K, 56% used [0x00000000f5580000,0x00000000f7b8f768,0x00000000f9880000)
  from space 18432K, 3% used [0x00000000fac80000,0x00000000fad10000,0x00000000fbe80000)
  to   space 19456K, 0% used [0x00000000f9880000,0x00000000f9880000,0x00000000fab80000)
 ParOldGen       total 98816K, used 41463K [0x00000000e0000000, 0x00000000e6080000, 0x00000000f5580000)
  object space 98816K, 41% used [0x00000000e0000000,0x00000000e287df28,0x00000000e6080000)
 Metaspace       used 72644K, capacity 78212K, committed 78424K, reserved 1118208K
  class space    used 8808K, capacity 10473K, committed 10584K, reserved 1048576K
Event: 466.176 GC heap after
Heap after GC invocations=32 (full 9):
 PSYoungGen      total 70144K, used 1504K [0x00000000f5580000, 0x00000000fbc80000, 0x0000000100000000)
  eden space 68608K, 0% used [0x00000000f5580000,0x00000000f5580000,0x00000000f9880000)
  from space 1536K, 97% used [0x00000000f9880000,0x00000000f99f8000,0x00000000f9a00000)
  to   space 18432K, 0% used [0x00000000faa80000,0x00000000faa80000,0x00000000fbc80000)
 ParOldGen       total 98816K, used 41471K [0x00000000e0000000, 0x00000000e6080000, 0x00000000f5580000)
  object space 98816K, 41% used [0x00000000e0000000,0x00000000e287ff28,0x00000000e6080000)
 Metaspace       used 72644K, capacity 78212K, committed 78424K, reserved 1118208K
  class space    used 8808K, capacity 10473K, committed 10584K, reserved 1048576K
}
Event: 466.177 GC heap before
{Heap before GC invocations=33 (full 10):
 PSYoungGen      total 70144K, used 1504K [0x00000000f5580000, 0x00000000fbc80000, 0x0000000100000000)
  eden space 68608K, 0% used [0x00000000f5580000,0x00000000f5580000,0x00000000f9880000)
  from space 1536K, 97% used [0x00000000f9880000,0x00000000f99f8000,0x00000000f9a00000)
  to   space 18432K, 0% used [0x00000000faa80000,0x00000000faa80000,0x00000000fbc80000)
 ParOldGen       total 98816K, used 41471K [0x00000000e0000000, 0x00000000e6080000, 0x00000000f5580000)
  object space 98816K, 41% used [0x00000000e0000000,0x00000000e287ff28,0x00000000e6080000)
 Metaspace       used 72644K, capacity 78212K, committed 78424K, reserved 1118208K
  class space    used 8808K, capacity 10473K, committed 10584K, reserved 1048576K
Event: 466.376 GC heap after
Heap after GC invocations=33 (full 10):
 PSYoungGen      total 70144K, used 0K [0x00000000f5580000, 0x00000000fbc80000, 0x0000000100000000)
  eden space 68608K, 0% used [0x00000000f5580000,0x00000000f5580000,0x00000000f9880000)
  from space 1536K, 0% used [0x00000000f9880000,0x00000000f9880000,0x00000000f9a00000)
  to   space 18432K, 0% used [0x00000000faa80000,0x00000000faa80000,0x00000000fbc80000)
 ParOldGen       total 98816K, used 41150K [0x00000000e0000000, 0x00000000e6080000, 0x00000000f5580000)
  object space 98816K, 41% used [0x00000000e0000000,0x00000000e282f860,0x00000000e6080000)
 Metaspace       used 72644K, capacity 78212K, committed 78424K, reserved 1118208K
  class space    used 8808K, capacity 10473K, committed 10584K, reserved 1048576K
}
Event: 526.179 GC heap before
{Heap before GC invocations=34 (full 10):
 PSYoungGen      total 70144K, used 40601K [0x00000000f5580000, 0x00000000fbc80000, 0x0000000100000000)
  eden space 68608K, 59% used [0x00000000f5580000,0x00000000f7d26690,0x00000000f9880000)
  from space 1536K, 0% used [0x00000000f9880000,0x00000000f9880000,0x00000000f9a00000)
  to   space 18432K, 0% used [0x00000000faa80000,0x00000000faa80000,0x00000000fbc80000)
 ParOldGen       total 98816K, used 41150K [0x00000000e0000000, 0x00000000e6080000, 0x00000000f5580000)
  object space 98816K, 41% used [0x00000000e0000000,0x00000000e282f860,0x00000000e6080000)
 Metaspace       used 72940K, capacity 78340K, committed 78680K, reserved 1118208K
  class space    used 8836K, capacity 10473K, committed 10584K, reserved 1048576K
Event: 526.185 GC heap after
Heap after GC invocations=34 (full 10):
 PSYoungGen      total 86016K, used 1857K [0x00000000f5580000, 0x00000000fbb80000, 0x0000000100000000)
  eden space 68608K, 0% used [0x00000000f5580000,0x00000000f5580000,0x00000000f9880000)
  from space 17408K, 10% used [0x00000000faa80000,0x00000000fac50628,0x00000000fbb80000)
  to   space 17920K, 0% used [0x00000000f9880000,0x00000000f9880000,0x00000000faa00000)
 ParOldGen       total 98816K, used 41158K [0x00000000e0000000, 0x00000000e6080000, 0x00000000f5580000)
  object space 98816K, 41% used [0x00000000e0000000,0x00000000e2831860,0x00000000e6080000)
 Metaspace       used 72940K, capacity 78340K, committed 78680K, reserved 1118208K
  class space    used 8836K, capacity 10473K, committed 10584K, reserved 1048576K
}
Event: 526.185 GC heap before
{Heap before GC invocations=35 (full 11):
 PSYoungGen      total 86016K, used 1857K [0x00000000f5580000, 0x00000000fbb80000, 0x0000000100000000)
  eden space 68608K, 0% used [0x00000000f5580000,0x00000000f5580000,0x00000000f9880000)
  from space 17408K, 10% used [0x00000000faa80000,0x00000000fac50628,0x00000000fbb80000)
  to   space 17920K, 0% used [0x00000000f9880000,0x00000000f9880000,0x00000000faa00000)
 ParOldGen       total 98816K, used 41158K [0x00000000e0000000, 0x00000000e6080000, 0x00000000f5580000)
  object space 98816K, 41% used [0x00000000e0000000,0x00000000e2831860,0x00000000e6080000)
 Metaspace       used 72940K, capacity 78340K, committed 78680K, reserved 1118208K
  class space    used 8836K, capacity 10473K, committed 10584K, reserved 1048576K
Event: 526.349 GC heap after
Heap after GC invocations=35 (full 11):
 PSYoungGen      total 86016K, used 0K [0x00000000f5580000, 0x00000000fbb80000, 0x0000000100000000)
  eden space 68608K, 0% used [0x00000000f5580000,0x00000000f5580000,0x00000000f9880000)
  from space 17408K, 0% used [0x00000000faa80000,0x00000000faa80000,0x00000000fbb80000)
  to   space 17920K, 0% used [0x00000000f9880000,0x00000000f9880000,0x00000000faa00000)
 ParOldGen       total 98816K, used 33917K [0x00000000e0000000, 0x00000000e6080000, 0x00000000f5580000)
  object space 98816K, 34% used [0x00000000e0000000,0x00000000e211f700,0x00000000e6080000)
 Metaspace       used 72925K, capacity 78316K, committed 78680K, reserved 1118208K
  class space    used 8833K, capacity 10469K, committed 10584K, reserved 1048576K
}
Event: 660.497 GC heap before
{Heap before GC invocations=36 (full 11):
 PSYoungGen      total 86016K, used 68608K [0x00000000f5580000, 0x00000000fbb80000, 0x0000000100000000)
  eden space 68608K, 100% used [0x00000000f5580000,0x00000000f9880000,0x00000000f9880000)
  from space 17408K, 0% used [0x00000000faa80000,0x00000000faa80000,0x00000000fbb80000)
  to   space 17920K, 0% used [0x00000000f9880000,0x00000000f9880000,0x00000000faa00000)
 ParOldGen       total 98816K, used 33917K [0x00000000e0000000, 0x00000000e6080000, 0x00000000f5580000)
  object space 98816K, 34% used [0x00000000e0000000,0x00000000e211f700,0x00000000e6080000)
 Metaspace       used 76981K, capacity 82912K, committed 83160K, reserved 1122304K
  class space    used 9364K, capacity 11137K, committed 11224K, reserved 1048576K
Event: 660.515 GC heap after
Heap after GC invocations=36 (full 11):
 PSYoungGen      total 86528K, used 7962K [0x00000000f5580000, 0x00000000fbe00000, 0x0000000100000000)
  eden space 68608K, 0% used [0x00000000f5580000,0x00000000f5580000,0x00000000f9880000)
  from space 17920K, 44% used [0x00000000f9880000,0x00000000fa046ab0,0x00000000faa00000)
  to   space 17920K, 0% used [0x00000000fac80000,0x00000000fac80000,0x00000000fbe00000)
 ParOldGen       total 98816K, used 33925K [0x00000000e0000000, 0x00000000e6080000, 0x00000000f5580000)
  object space 98816K, 34% used [0x00000000e0000000,0x00000000e2121700,0x00000000e6080000)
 Metaspace       used 76981K, capacity 82912K, committed 83160K, reserved 1122304K
  class space    used 9364K, capacity 11137K, committed 11224K, reserved 1048576K
}

