# JRE version: Java(TM) SE Runtime Environment (8.0_25-b18) (build 1.8.0_25-b18)
# Java VM: Java HotSpot(TM) 64-Bit Server VM (25.25-b02 mixed mode windows-amd64 compressed oops)
Heap:
 PSYoungGen      total 71680K, used 44168K [0x00000000f5580000, 0x00000000fb900000, 0x0000000100000000)
  eden space 46592K, 52% used [0x00000000f5580000,0x00000000f6d84288,0x00000000f8300000)
  from space 25088K, 78% used [0x00000000f8300000,0x00000000f961ddc0,0x00000000f9b80000)
  to   space 26624K, 0% used [0x00000000f9f00000,0x00000000f9f00000,0x00000000fb900000)
 ParOldGen       total 103424K, used 36608K [0x00000000e0000000, 0x00000000e6500000, 0x00000000f5580000)
  object space 103424K, 35% used [0x00000000e0000000,0x00000000e23c00c8,0x00000000e6500000)
 Metaspace       used 75528K, capacity 80876K, committed 81112K, reserved 1120256K
  class space    used 9426K, capacity 11104K, committed 11224K, reserved 1048576K
GC Heap History (10 events):
Event: 7.949 GC heap before
{Heap before GC invocations=16 (full 3):
 PSYoungGen      total 56320K, used 50002K [0x00000000f5580000, 0x00000000f9e80000, 0x0000000100000000)
  eden space 43008K, 100% used [0x00000000f5580000,0x00000000f7f80000,0x00000000f7f80000)
  from space 13312K, 52% used [0x00000000f9180000,0x00000000f9854940,0x00000000f9e80000)
  to   space 15872K, 0% used [0x00000000f7f80000,0x00000000f7f80000,0x00000000f8f00000)
 ParOldGen       total 103424K, used 32458K [0x00000000e0000000, 0x00000000e6500000, 0x00000000f5580000)
  object space 103424K, 31% used [0x00000000e0000000,0x00000000e1fb28c0,0x00000000e6500000)
 Metaspace       used 60251K, capacity 64936K, committed 64984K, reserved 1105920K
  class space    used 7646K, capacity 9150K, committed 9176K, reserved 1048576K
Event: 7.956 GC heap after
Heap after GC invocations=16 (full 3):
 PSYoungGen      total 58880K, used 12348K [0x00000000f5580000, 0x00000000fa580000, 0x0000000100000000)
  eden space 43008K, 0% used [0x00000000f5580000,0x00000000f5580000,0x00000000f7f80000)
  from space 15872K, 77% used [0x00000000f7f80000,0x00000000f8b8f0e0,0x00000000f8f00000)
  to   space 16896K, 0% used [0x00000000f9500000,0x00000000f9500000,0x00000000fa580000)
 ParOldGen       total 103424K, used 32466K [0x00000000e0000000, 0x00000000e6500000, 0x00000000f5580000)
  object space 103424K, 31% used [0x00000000e0000000,0x00000000e1fb48c0,0x00000000e6500000)
 Metaspace       used 60251K, capacity 64936K, committed 64984K, reserved 1105920K
  class space    used 7646K, capacity 9150K, committed 9176K, reserved 1048576K
}
Event: 14.517 GC heap before
{Heap before GC invocations=17 (full 3):
 PSYoungGen      total 58880K, used 55356K [0x00000000f5580000, 0x00000000fa580000, 0x0000000100000000)
  eden space 43008K, 100% used [0x00000000f5580000,0x00000000f7f80000,0x00000000f7f80000)
  from space 15872K, 77% used [0x00000000f7f80000,0x00000000f8b8f0e0,0x00000000f8f00000)
  to   space 16896K, 0% used [0x00000000f9500000,0x00000000f9500000,0x00000000fa580000)
 ParOldGen       total 103424K, used 32466K [0x00000000e0000000, 0x00000000e6500000, 0x00000000f5580000)
  object space 103424K, 31% used [0x00000000e0000000,0x00000000e1fb48c0,0x00000000e6500000)
 Metaspace       used 68392K, capacity 73920K, committed 74072K, reserved 1114112K
  class space    used 8595K, capacity 10324K, committed 10328K, reserved 1048576K
Event: 14.533 GC heap after
Heap after GC invocations=17 (full 3):
 PSYoungGen      total 61440K, used 16875K [0x00000000f5580000, 0x00000000fac00000, 0x0000000100000000)
  eden space 44544K, 0% used [0x00000000f5580000,0x00000000f5580000,0x00000000f8100000)
  from space 16896K, 99% used [0x00000000f9500000,0x00000000fa57aef0,0x00000000fa580000)
  to   space 20480K, 0% used [0x00000000f8100000,0x00000000f8100000,0x00000000f9500000)
 ParOldGen       total 103424K, used 36584K [0x00000000e0000000, 0x00000000e6500000, 0x00000000f5580000)
  object space 103424K, 35% used [0x00000000e0000000,0x00000000e23ba0c8,0x00000000e6500000)
 Metaspace       used 68392K, capacity 73920K, committed 74072K, reserved 1114112K
  class space    used 8595K, capacity 10324K, committed 10328K, reserved 1048576K
}
Event: 18.255 GC heap before
{Heap before GC invocations=18 (full 3):
 PSYoungGen      total 61440K, used 61419K [0x00000000f5580000, 0x00000000fac00000, 0x0000000100000000)
  eden space 44544K, 100% used [0x00000000f5580000,0x00000000f8100000,0x00000000f8100000)
  from space 16896K, 99% used [0x00000000f9500000,0x00000000fa57aef0,0x00000000fa580000)
  to   space 20480K, 0% used [0x00000000f8100000,0x00000000f8100000,0x00000000f9500000)
 ParOldGen       total 103424K, used 36584K [0x00000000e0000000, 0x00000000e6500000, 0x00000000f5580000)
  object space 103424K, 35% used [0x00000000e0000000,0x00000000e23ba0c8,0x00000000e6500000)
 Metaspace       used 72191K, capacity 77624K, committed 77784K, reserved 1116160K
  class space    used 9133K, capacity 10873K, committed 10968K, reserved 1048576K
Event: 18.269 GC heap after
Heap after GC invocations=18 (full 3):
 PSYoungGen      total 65024K, used 20106K [0x00000000f5580000, 0x00000000fb200000, 0x0000000100000000)
  eden space 44544K, 0% used [0x00000000f5580000,0x00000000f5580000,0x00000000f8100000)
  from space 20480K, 98% used [0x00000000f8100000,0x00000000f94a2be0,0x00000000f9500000)
  to   space 23040K, 0% used [0x00000000f9b80000,0x00000000f9b80000,0x00000000fb200000)
 ParOldGen       total 103424K, used 36592K [0x00000000e0000000, 0x00000000e6500000, 0x00000000f5580000)
  object space 103424K, 35% used [0x00000000e0000000,0x00000000e23bc0c8,0x00000000e6500000)
 Metaspace       used 72191K, capacity 77624K, committed 77784K, reserved 1116160K
  class space    used 9133K, capacity 10873K, committed 10968K, reserved 1048576K
}
Event: 32.488 GC heap before
{Heap before GC invocations=19 (full 3):
 PSYoungGen      total 65024K, used 64650K [0x00000000f5580000, 0x00000000fb200000, 0x0000000100000000)
  eden space 44544K, 100% used [0x00000000f5580000,0x00000000f8100000,0x00000000f8100000)
  from space 20480K, 98% used [0x00000000f8100000,0x00000000f94a2be0,0x00000000f9500000)
  to   space 23040K, 0% used [0x00000000f9b80000,0x00000000f9b80000,0x00000000fb200000)
 ParOldGen       total 103424K, used 36592K [0x00000000e0000000, 0x00000000e6500000, 0x00000000f5580000)
  object space 103424K, 35% used [0x00000000e0000000,0x00000000e23bc0c8,0x00000000e6500000)
 Metaspace       used 73365K, capacity 78968K, committed 79064K, reserved 1118208K
  class space    used 9228K, capacity 10937K, committed 10968K, reserved 1048576K
Event: 32.500 GC heap after
Heap after GC invocations=19 (full 3):
 PSYoungGen      total 69632K, used 19392K [0x00000000f5580000, 0x00000000fb580000, 0x0000000100000000)
  eden space 46592K, 0% used [0x00000000f5580000,0x00000000f5580000,0x00000000f8300000)
  from space 23040K, 84% used [0x00000000f9b80000,0x00000000fae70058,0x00000000fb200000)
  to   space 25088K, 0% used [0x00000000f8300000,0x00000000f8300000,0x00000000f9b80000)
 ParOldGen       total 103424K, used 36600K [0x00000000e0000000, 0x00000000e6500000, 0x00000000f5580000)
  object space 103424K, 35% used [0x00000000e0000000,0x00000000e23be0c8,0x00000000e6500000)
 Metaspace       used 73365K, capacity 78968K, committed 79064K, reserved 1118208K
  class space    used 9228K, capacity 10937K, committed 10968K, reserved 1048576K
}
Event: 54.633 GC heap before
{Heap before GC invocations=20 (full 3):
 PSYoungGen      total 69632K, used 65984K [0x00000000f5580000, 0x00000000fb580000, 0x0000000100000000)
  eden space 46592K, 100% used [0x00000000f5580000,0x00000000f8300000,0x00000000f8300000)
  from space 23040K, 84% used [0x00000000f9b80000,0x00000000fae70058,0x00000000fb200000)
  to   space 25088K, 0% used [0x00000000f8300000,0x00000000f8300000,0x00000000f9b80000)
 ParOldGen       total 103424K, used 36600K [0x00000000e0000000, 0x00000000e6500000, 0x00000000f5580000)
  object space 103424K, 35% used [0x00000000e0000000,0x00000000e23be0c8,0x00000000e6500000)
 Metaspace       used 74382K, capacity 79786K, committed 79960K, reserved 1118208K
  class space    used 9303K, capacity 10974K, committed 11096K, reserved 1048576K
Event: 54.649 GC heap after
Heap after GC invocations=20 (full 3):
 PSYoungGen      total 71680K, used 19575K [0x00000000f5580000, 0x00000000fb900000, 0x0000000100000000)
  eden space 46592K, 0% used [0x00000000f5580000,0x00000000f5580000,0x00000000f8300000)
  from space 25088K, 78% used [0x00000000f8300000,0x00000000f961ddc0,0x00000000f9b80000)
  to   space 26624K, 0% used [0x00000000f9f00000,0x00000000f9f00000,0x00000000fb900000)
 ParOldGen       total 103424K, used 36608K [0x00000000e0000000, 0x00000000e6500000, 0x00000000f5580000)
  object space 103424K, 35% used [0x00000000e0000000,0x00000000e23c00c8,0x00000000e6500000)
 Metaspace       used 74382K, capacity 79786K, committed 79960K, reserved 1118208K
  class space    used 9303K, capacity 10974K, committed 11096K, reserved 1048576K
}

