# JRE version: Java(TM) SE Runtime Environment (8.0_25-b18) (build 1.8.0_25-b18)
# Java VM: Java HotSpot(TM) 64-Bit Server VM (25.25-b02 mixed mode windows-amd64 compressed oops)
Heap:
 PSYoungGen      total 52736K, used 28932K [0x00000000f5580000, 0x00000000faf80000, 0x0000000100000000)
  eden space 52224K, 55% used [0x00000000f5580000,0x00000000f71c13d8,0x00000000f8880000)
  from space 512K, 0% used [0x00000000f8880000,0x00000000f8880000,0x00000000f8900000)
  to   space 19968K, 0% used [0x00000000f9c00000,0x00000000f9c00000,0x00000000faf80000)
 ParOldGen       total 101376K, used 32671K [0x00000000e0000000, 0x00000000e6300000, 0x00000000f5580000)
  object space 101376K, 32% used [0x00000000e0000000,0x00000000e1fe7f40,0x00000000e6300000)
 Metaspace       used 73498K, capacity 78940K, committed 79064K, reserved 1118208K
  class space    used 9174K, capacity 10948K, committed 10968K, reserved 1048576K
GC Heap History (10 events):
Event: 1288.480 GC heap before
{Heap before GC invocations=38 (full 13):
 PSYoungGen      total 53760K, used 1184K [0x00000000f5580000, 0x00000000fb380000, 0x0000000100000000)
  eden space 52224K, 0% used [0x00000000f5580000,0x00000000f5580000,0x00000000f8880000)
  from space 1536K, 77% used [0x00000000f8880000,0x00000000f89a8000,0x00000000f8a00000)
  to   space 22016K, 0% used [0x00000000f9e00000,0x00000000f9e00000,0x00000000fb380000)
 ParOldGen       total 101376K, used 33624K [0x00000000e0000000, 0x00000000e6300000, 0x00000000f5580000)
  object space 101376K, 33% used [0x00000000e0000000,0x00000000e20d60a8,0x00000000e6300000)
 Metaspace       used 72432K, capacity 77976K, committed 78168K, reserved 1116160K
  class space    used 9060K, capacity 10782K, committed 10840K, reserved 1048576K
Event: 1288.672 GC heap after
Heap after GC invocations=38 (full 13):
 PSYoungGen      total 53760K, used 0K [0x00000000f5580000, 0x00000000fb380000, 0x0000000100000000)
  eden space 52224K, 0% used [0x00000000f5580000,0x00000000f5580000,0x00000000f8880000)
  from space 1536K, 0% used [0x00000000f8880000,0x00000000f8880000,0x00000000f8a00000)
  to   space 22016K, 0% used [0x00000000f9e00000,0x00000000f9e00000,0x00000000fb380000)
 ParOldGen       total 101376K, used 32669K [0x00000000e0000000, 0x00000000e6300000, 0x00000000f5580000)
  object space 101376K, 32% used [0x00000000e0000000,0x00000000e1fe7668,0x00000000e6300000)
 Metaspace       used 72432K, capacity 77976K, committed 78168K, reserved 1116160K
  class space    used 9060K, capacity 10782K, committed 10840K, reserved 1048576K
}
Event: 1348.491 GC heap before
{Heap before GC invocations=39 (full 13):
 PSYoungGen      total 53760K, used 3778K [0x00000000f5580000, 0x00000000fb380000, 0x0000000100000000)
  eden space 52224K, 7% used [0x00000000f5580000,0x00000000f5930b28,0x00000000f8880000)
  from space 1536K, 0% used [0x00000000f8880000,0x00000000f8880000,0x00000000f8a00000)
  to   space 22016K, 0% used [0x00000000f9e00000,0x00000000f9e00000,0x00000000fb380000)
 ParOldGen       total 101376K, used 32669K [0x00000000e0000000, 0x00000000e6300000, 0x00000000f5580000)
  object space 101376K, 32% used [0x00000000e0000000,0x00000000e1fe7668,0x00000000e6300000)
 Metaspace       used 72449K, capacity 77982K, committed 78168K, reserved 1116160K
  class space    used 9060K, capacity 10783K, committed 10840K, reserved 1048576K
Event: 1348.497 GC heap after
Heap after GC invocations=39 (full 13):
 PSYoungGen      total 72192K, used 448K [0x00000000f5580000, 0x00000000fb180000, 0x0000000100000000)
  eden space 52224K, 0% used [0x00000000f5580000,0x00000000f5580000,0x00000000f8880000)
  from space 19968K, 2% used [0x00000000f9e00000,0x00000000f9e70000,0x00000000fb180000)
  to   space 20992K, 0% used [0x00000000f8880000,0x00000000f8880000,0x00000000f9d00000)
 ParOldGen       total 101376K, used 32677K [0x00000000e0000000, 0x00000000e6300000, 0x00000000f5580000)
  object space 101376K, 32% used [0x00000000e0000000,0x00000000e1fe9668,0x00000000e6300000)
 Metaspace       used 72449K, capacity 77982K, committed 78168K, reserved 1116160K
  class space    used 9060K, capacity 10783K, committed 10840K, reserved 1048576K
}
Event: 1348.498 GC heap before
{Heap before GC invocations=40 (full 14):
 PSYoungGen      total 72192K, used 448K [0x00000000f5580000, 0x00000000fb180000, 0x0000000100000000)
  eden space 52224K, 0% used [0x00000000f5580000,0x00000000f5580000,0x00000000f8880000)
  from space 19968K, 2% used [0x00000000f9e00000,0x00000000f9e70000,0x00000000fb180000)
  to   space 20992K, 0% used [0x00000000f8880000,0x00000000f8880000,0x00000000f9d00000)
 ParOldGen       total 101376K, used 32677K [0x00000000e0000000, 0x00000000e6300000, 0x00000000f5580000)
  object space 101376K, 32% used [0x00000000e0000000,0x00000000e1fe9668,0x00000000e6300000)
 Metaspace       used 72449K, capacity 77982K, committed 78168K, reserved 1116160K
  class space    used 9060K, capacity 10783K, committed 10840K, reserved 1048576K
Event: 1348.755 GC heap after
Heap after GC invocations=40 (full 14):
 PSYoungGen      total 72192K, used 0K [0x00000000f5580000, 0x00000000fb180000, 0x0000000100000000)
  eden space 52224K, 0% used [0x00000000f5580000,0x00000000f5580000,0x00000000f8880000)
  from space 19968K, 0% used [0x00000000f9e00000,0x00000000f9e00000,0x00000000fb180000)
  to   space 20992K, 0% used [0x00000000f8880000,0x00000000f8880000,0x00000000f9d00000)
 ParOldGen       total 101376K, used 32696K [0x00000000e0000000, 0x00000000e6300000, 0x00000000f5580000)
  object space 101376K, 32% used [0x00000000e0000000,0x00000000e1fee3b8,0x00000000e6300000)
 Metaspace       used 72449K, capacity 77982K, committed 78168K, reserved 1116160K
  class space    used 9060K, capacity 10783K, committed 10840K, reserved 1048576K
}
Event: 1408.492 GC heap before
{Heap before GC invocations=41 (full 14):
 PSYoungGen      total 72192K, used 3153K [0x00000000f5580000, 0x00000000fb180000, 0x0000000100000000)
  eden space 52224K, 6% used [0x00000000f5580000,0x00000000f5894530,0x00000000f8880000)
  from space 19968K, 0% used [0x00000000f9e00000,0x00000000f9e00000,0x00000000fb180000)
  to   space 20992K, 0% used [0x00000000f8880000,0x00000000f8880000,0x00000000f9d00000)
 ParOldGen       total 101376K, used 32696K [0x00000000e0000000, 0x00000000e6300000, 0x00000000f5580000)
  object space 101376K, 32% used [0x00000000e0000000,0x00000000e1fee3b8,0x00000000e6300000)
 Metaspace       used 72450K, capacity 77982K, committed 78168K, reserved 1116160K
  class space    used 9060K, capacity 10783K, committed 10840K, reserved 1048576K
Event: 1408.499 GC heap after
Heap after GC invocations=41 (full 14):
 PSYoungGen      total 52736K, used 224K [0x00000000f5580000, 0x00000000faf80000, 0x0000000100000000)
  eden space 52224K, 0% used [0x00000000f5580000,0x00000000f5580000,0x00000000f8880000)
  from space 512K, 43% used [0x00000000f8880000,0x00000000f88b8000,0x00000000f8900000)
  to   space 19968K, 0% used [0x00000000f9c00000,0x00000000f9c00000,0x00000000faf80000)
 ParOldGen       total 101376K, used 32696K [0x00000000e0000000, 0x00000000e6300000, 0x00000000f5580000)
  object space 101376K, 32% used [0x00000000e0000000,0x00000000e1fee3b8,0x00000000e6300000)
 Metaspace       used 72450K, capacity 77982K, committed 78168K, reserved 1116160K
  class space    used 9060K, capacity 10783K, committed 10840K, reserved 1048576K
}
Event: 1408.499 GC heap before
{Heap before GC invocations=42 (full 15):
 PSYoungGen      total 52736K, used 224K [0x00000000f5580000, 0x00000000faf80000, 0x0000000100000000)
  eden space 52224K, 0% used [0x00000000f5580000,0x00000000f5580000,0x00000000f8880000)
  from space 512K, 43% used [0x00000000f8880000,0x00000000f88b8000,0x00000000f8900000)
  to   space 19968K, 0% used [0x00000000f9c00000,0x00000000f9c00000,0x00000000faf80000)
 ParOldGen       total 101376K, used 32696K [0x00000000e0000000, 0x00000000e6300000, 0x00000000f5580000)
  object space 101376K, 32% used [0x00000000e0000000,0x00000000e1fee3b8,0x00000000e6300000)
 Metaspace       used 72450K, capacity 77982K, committed 78168K, reserved 1116160K
  class space    used 9060K, capacity 10783K, committed 10840K, reserved 1048576K
Event: 1408.666 GC heap after
Heap after GC invocations=42 (full 15):
 PSYoungGen      total 52736K, used 0K [0x00000000f5580000, 0x00000000faf80000, 0x0000000100000000)
  eden space 52224K, 0% used [0x00000000f5580000,0x00000000f5580000,0x00000000f8880000)
  from space 512K, 0% used [0x00000000f8880000,0x00000000f8880000,0x00000000f8900000)
  to   space 19968K, 0% used [0x00000000f9c00000,0x00000000f9c00000,0x00000000faf80000)
 ParOldGen       total 101376K, used 32671K [0x00000000e0000000, 0x00000000e6300000, 0x00000000f5580000)
  object space 101376K, 32% used [0x00000000e0000000,0x00000000e1fe7f40,0x00000000e6300000)
 Metaspace       used 72450K, capacity 77982K, committed 78168K, reserved 1116160K
  class space    used 9060K, capacity 10783K, committed 10840K, reserved 1048576K
}

