# JRE version: Java(TM) SE Runtime Environment (8.0_25-b18) (build 1.8.0_25-b18)
# Java VM: Java HotSpot(TM) 64-Bit Server VM (25.25-b02 mixed mode windows-amd64 compressed oops)
Heap:
 PSYoungGen      total 149504K, used 41827K [0x00000000f5580000, 0x0000000100000000, 0x0000000100000000)
  eden space 125440K, 33% used [0x00000000f5580000,0x00000000f7e58e90,0x00000000fd000000)
  from space 24064K, 0% used [0x00000000fe880000,0x00000000fe880000,0x0000000100000000)
  to   space 24576K, 0% used [0x00000000fd000000,0x00000000fd000000,0x00000000fe800000)
 ParOldGen       total 89600K, used 42265K [0x00000000e0000000, 0x00000000e5780000, 0x00000000f5580000)
  object space 89600K, 47% used [0x00000000e0000000,0x00000000e2946408,0x00000000e5780000)
 Metaspace       used 72262K, capacity 77528K, committed 77656K, reserved 1116160K
  class space    used 8960K, capacity 10715K, committed 10840K, reserved 1048576K
GC Heap History (10 events):
Event: 4.803 GC heap before
{Heap before GC invocations=12 (full 3):
 PSYoungGen      total 91648K, used 15350K [0x00000000f5580000, 0x00000000fe080000, 0x0000000100000000)
  eden space 76288K, 0% used [0x00000000f5580000,0x00000000f5580000,0x00000000fa000000)
  from space 15360K, 99% used [0x00000000fa000000,0x00000000faefd838,0x00000000faf00000)
  to   space 19968K, 0% used [0x00000000fcd00000,0x00000000fcd00000,0x00000000fe080000)
 ParOldGen       total 63488K, used 27048K [0x00000000e0000000, 0x00000000e3e00000, 0x00000000f5580000)
  object space 63488K, 42% used [0x00000000e0000000,0x00000000e1a6a028,0x00000000e3e00000)
 Metaspace       used 54766K, capacity 58942K, committed 59028K, reserved 1099776K
  class space    used 6743K, capacity 8107K, committed 8152K, reserved 1048576K
Event: 4.919 GC heap after
Heap after GC invocations=12 (full 3):
 PSYoungGen      total 91648K, used 0K [0x00000000f5580000, 0x00000000fe080000, 0x0000000100000000)
  eden space 76288K, 0% used [0x00000000f5580000,0x00000000f5580000,0x00000000fa000000)
  from space 15360K, 0% used [0x00000000fa000000,0x00000000fa000000,0x00000000faf00000)
  to   space 19968K, 0% used [0x00000000fcd00000,0x00000000fcd00000,0x00000000fe080000)
 ParOldGen       total 89600K, used 38076K [0x00000000e0000000, 0x00000000e5780000, 0x00000000f5580000)
  object space 89600K, 42% used [0x00000000e0000000,0x00000000e252f310,0x00000000e5780000)
 Metaspace       used 54766K, capacity 58942K, committed 59028K, reserved 1099776K
  class space    used 6743K, capacity 8107K, committed 8152K, reserved 1048576K
}
Event: 5.518 GC heap before
{Heap before GC invocations=13 (full 3):
 PSYoungGen      total 91648K, used 76288K [0x00000000f5580000, 0x00000000fe080000, 0x0000000100000000)
  eden space 76288K, 100% used [0x00000000f5580000,0x00000000fa000000,0x00000000fa000000)
  from space 15360K, 0% used [0x00000000fa000000,0x00000000fa000000,0x00000000faf00000)
  to   space 19968K, 0% used [0x00000000fcd00000,0x00000000fcd00000,0x00000000fe080000)
 ParOldGen       total 89600K, used 38076K [0x00000000e0000000, 0x00000000e5780000, 0x00000000f5580000)
  object space 89600K, 42% used [0x00000000e0000000,0x00000000e252f310,0x00000000e5780000)
 Metaspace       used 60537K, capacity 64800K, committed 65112K, reserved 1105920K
  class space    used 7579K, capacity 8932K, committed 9048K, reserved 1048576K
Event: 5.527 GC heap after
Heap after GC invocations=13 (full 3):
 PSYoungGen      total 119296K, used 14316K [0x00000000f5580000, 0x00000000fdf80000, 0x0000000100000000)
  eden space 100352K, 0% used [0x00000000f5580000,0x00000000f5580000,0x00000000fb780000)
  from space 18944K, 75% used [0x00000000fcd00000,0x00000000fdafb020,0x00000000fdf80000)
  to   space 20480K, 0% used [0x00000000fb780000,0x00000000fb780000,0x00000000fcb80000)
 ParOldGen       total 89600K, used 38084K [0x00000000e0000000, 0x00000000e5780000, 0x00000000f5580000)
  object space 89600K, 42% used [0x00000000e0000000,0x00000000e2531310,0x00000000e5780000)
 Metaspace       used 60537K, capacity 64800K, committed 65112K, reserved 1105920K
  class space    used 7579K, capacity 8932K, committed 9048K, reserved 1048576K
}
Event: 33.916 GC heap before
{Heap before GC invocations=14 (full 3):
 PSYoungGen      total 119296K, used 114668K [0x00000000f5580000, 0x00000000fdf80000, 0x0000000100000000)
  eden space 100352K, 100% used [0x00000000f5580000,0x00000000fb780000,0x00000000fb780000)
  from space 18944K, 75% used [0x00000000fcd00000,0x00000000fdafb020,0x00000000fdf80000)
  to   space 20480K, 0% used [0x00000000fb780000,0x00000000fb780000,0x00000000fcb80000)
 ParOldGen       total 89600K, used 38084K [0x00000000e0000000, 0x00000000e5780000, 0x00000000f5580000)
  object space 89600K, 42% used [0x00000000e0000000,0x00000000e2531310,0x00000000e5780000)
 Metaspace       used 70235K, capacity 75602K, committed 75864K, reserved 1114112K
  class space    used 8759K, capacity 10457K, committed 10584K, reserved 1048576K
Event: 33.938 GC heap after
Heap after GC invocations=14 (full 3):
 PSYoungGen      total 120832K, used 20463K [0x00000000f5580000, 0x0000000100000000, 0x0000000100000000)
  eden space 100352K, 0% used [0x00000000f5580000,0x00000000f5580000,0x00000000fb780000)
  from space 20480K, 99% used [0x00000000fb780000,0x00000000fcb7bed8,0x00000000fcb80000)
  to   space 24064K, 0% used [0x00000000fe880000,0x00000000fe880000,0x0000000100000000)
 ParOldGen       total 89600K, used 40159K [0x00000000e0000000, 0x00000000e5780000, 0x00000000f5580000)
  object space 89600K, 44% used [0x00000000e0000000,0x00000000e2737ec0,0x00000000e5780000)
 Metaspace       used 70235K, capacity 75602K, committed 75864K, reserved 1114112K
  class space    used 8759K, capacity 10457K, committed 10584K, reserved 1048576K
}
Event: 62.231 GC heap before
{Heap before GC invocations=15 (full 3):
 PSYoungGen      total 120832K, used 33129K [0x00000000f5580000, 0x0000000100000000, 0x0000000100000000)
  eden space 100352K, 12% used [0x00000000f5580000,0x00000000f61de888,0x00000000fb780000)
  from space 20480K, 99% used [0x00000000fb780000,0x00000000fcb7bed8,0x00000000fcb80000)
  to   space 24064K, 0% used [0x00000000fe880000,0x00000000fe880000,0x0000000100000000)
 ParOldGen       total 89600K, used 40159K [0x00000000e0000000, 0x00000000e5780000, 0x00000000f5580000)
  object space 89600K, 44% used [0x00000000e0000000,0x00000000e2737ec0,0x00000000e5780000)
 Metaspace       used 70607K, capacity 75926K, committed 76120K, reserved 1114112K
  class space    used 8794K, capacity 10521K, committed 10584K, reserved 1048576K
Event: 62.275 GC heap after
Heap after GC invocations=15 (full 3):
 PSYoungGen      total 149504K, used 1039K [0x00000000f5580000, 0x0000000100000000, 0x0000000100000000)
  eden space 125440K, 0% used [0x00000000f5580000,0x00000000f5580000,0x00000000fd000000)
  from space 24064K, 4% used [0x00000000fe880000,0x00000000fe983f40,0x0000000100000000)
  to   space 24576K, 0% used [0x00000000fd000000,0x00000000fd000000,0x00000000fe800000)
 ParOldGen       total 89600K, used 53992K [0x00000000e0000000, 0x00000000e5780000, 0x00000000f5580000)
  object space 89600K, 60% used [0x00000000e0000000,0x00000000e34ba298,0x00000000e5780000)
 Metaspace       used 70607K, capacity 75926K, committed 76120K, reserved 1114112K
  class space    used 8794K, capacity 10521K, committed 10584K, reserved 1048576K
}
Event: 62.276 GC heap before
{Heap before GC invocations=16 (full 4):
 PSYoungGen      total 149504K, used 1039K [0x00000000f5580000, 0x0000000100000000, 0x0000000100000000)
  eden space 125440K, 0% used [0x00000000f5580000,0x00000000f5580000,0x00000000fd000000)
  from space 24064K, 4% used [0x00000000fe880000,0x00000000fe983f40,0x0000000100000000)
  to   space 24576K, 0% used [0x00000000fd000000,0x00000000fd000000,0x00000000fe800000)
 ParOldGen       total 89600K, used 53992K [0x00000000e0000000, 0x00000000e5780000, 0x00000000f5580000)
  object space 89600K, 60% used [0x00000000e0000000,0x00000000e34ba298,0x00000000e5780000)
 Metaspace       used 70607K, capacity 75926K, committed 76120K, reserved 1114112K
  class space    used 8794K, capacity 10521K, committed 10584K, reserved 1048576K
Event: 62.557 GC heap after
Heap after GC invocations=16 (full 4):
 PSYoungGen      total 149504K, used 0K [0x00000000f5580000, 0x0000000100000000, 0x0000000100000000)
  eden space 125440K, 0% used [0x00000000f5580000,0x00000000f5580000,0x00000000fd000000)
  from space 24064K, 0% used [0x00000000fe880000,0x00000000fe880000,0x0000000100000000)
  to   space 24576K, 0% used [0x00000000fd000000,0x00000000fd000000,0x00000000fe800000)
 ParOldGen       total 89600K, used 42265K [0x00000000e0000000, 0x00000000e5780000, 0x00000000f5580000)
  object space 89600K, 47% used [0x00000000e0000000,0x00000000e2946408,0x00000000e5780000)
 Metaspace       used 70607K, capacity 75926K, committed 76120K, reserved 1114112K
  class space    used 8794K, capacity 10521K, committed 10584K, reserved 1048576K
}

