# JRE version: Java(TM) SE Runtime Environment (8.0_25-b18) (build 1.8.0_25-b18)
# Java VM: Java HotSpot(TM) 64-Bit Server VM (25.25-b02 mixed mode windows-amd64 compressed oops)
Heap:
 PSYoungGen      total 28672K, used 4367K [0x00000000f5580000, 0x00000000f7900000, 0x0000000100000000)
  eden space 20992K, 1% used [0x00000000f5580000,0x00000000f55e4a60,0x00000000f6a00000)
  from space 7680K, 51% used [0x00000000f7180000,0x00000000f755f260,0x00000000f7900000)
  to   space 7680K, 0% used [0x00000000f6a00000,0x00000000f6a00000,0x00000000f7180000)
 ParOldGen       total 102400K, used 48937K [0x00000000e0000000, 0x00000000e6400000, 0x00000000f5580000)
  object space 102400K, 47% used [0x00000000e0000000,0x00000000e2fca488,0x00000000e6400000)
 Metaspace       used 94937K, capacity 101154K, committed 101464K, reserved 1138688K
  class space    used 10615K, capacity 12582K, committed 12632K, reserved 1048576K
GC Heap History (10 events):
Event: 417566.498 GC heap before
{Heap before GC invocations=2745 (full 1105):
 PSYoungGen      total 28672K, used 27294K [0x00000000f5580000, 0x00000000f7900000, 0x0000000100000000)
  eden space 22016K, 100% used [0x00000000f5580000,0x00000000f6b00000,0x00000000f6b00000)
  from space 6656K, 79% used [0x00000000f6b00000,0x00000000f70278d0,0x00000000f7180000)
  to   space 7168K, 0% used [0x00000000f7200000,0x00000000f7200000,0x00000000f7900000)
 ParOldGen       total 102400K, used 47778K [0x00000000e0000000, 0x00000000e6400000, 0x00000000f5580000)
  object space 102400K, 46% used [0x00000000e0000000,0x00000000e2ea8b48,0x00000000e6400000)
 Metaspace       used 94414K, capacity 100732K, committed 100952K, reserved 1138688K
  class space    used 10554K, capacity 12549K, committed 12632K, reserved 1048576K
Event: 417566.512 GC heap after
Heap after GC invocations=2745 (full 1105):
 PSYoungGen      total 28672K, used 6260K [0x00000000f5580000, 0x00000000f7a00000, 0x0000000100000000)
  eden space 21504K, 0% used [0x00000000f5580000,0x00000000f5580000,0x00000000f6a80000)
  from space 7168K, 87% used [0x00000000f7200000,0x00000000f781d3c8,0x00000000f7900000)
  to   space 7680K, 0% used [0x00000000f6a80000,0x00000000f6a80000,0x00000000f7200000)
 ParOldGen       total 102400K, used 47906K [0x00000000e0000000, 0x00000000e6400000, 0x00000000f5580000)
  object space 102400K, 46% used [0x00000000e0000000,0x00000000e2ec8b48,0x00000000e6400000)
 Metaspace       used 94414K, capacity 100732K, committed 100952K, reserved 1138688K
  class space    used 10554K, capacity 12549K, committed 12632K, reserved 1048576K
}
Event: 417581.795 GC heap before
{Heap before GC invocations=2746 (full 1105):
 PSYoungGen      total 28672K, used 27764K [0x00000000f5580000, 0x00000000f7a00000, 0x0000000100000000)
  eden space 21504K, 100% used [0x00000000f5580000,0x00000000f6a80000,0x00000000f6a80000)
  from space 7168K, 87% used [0x00000000f7200000,0x00000000f781d3c8,0x00000000f7900000)
  to   space 7680K, 0% used [0x00000000f6a80000,0x00000000f6a80000,0x00000000f7200000)
 ParOldGen       total 102400K, used 47906K [0x00000000e0000000, 0x00000000e6400000, 0x00000000f5580000)
  object space 102400K, 46% used [0x00000000e0000000,0x00000000e2ec8b48,0x00000000e6400000)
 Metaspace       used 94451K, capacity 100732K, committed 100952K, reserved 1138688K
  class space    used 10559K, capacity 12549K, committed 12632K, reserved 1048576K
Event: 417581.803 GC heap after
Heap after GC invocations=2746 (full 1105):
 PSYoungGen      total 29184K, used 5318K [0x00000000f5580000, 0x00000000f7980000, 0x0000000100000000)
  eden space 21504K, 0% used [0x00000000f5580000,0x00000000f5580000,0x00000000f6a80000)
  from space 7680K, 69% used [0x00000000f6a80000,0x00000000f6fb1aa0,0x00000000f7200000)
  to   space 7680K, 0% used [0x00000000f7200000,0x00000000f7200000,0x00000000f7980000)
 ParOldGen       total 102400K, used 47962K [0x00000000e0000000, 0x00000000e6400000, 0x00000000f5580000)
  object space 102400K, 46% used [0x00000000e0000000,0x00000000e2ed6b48,0x00000000e6400000)
 Metaspace       used 94451K, capacity 100732K, committed 100952K, reserved 1138688K
  class space    used 10559K, capacity 12549K, committed 12632K, reserved 1048576K
}
Event: 417628.937 GC heap before
{Heap before GC invocations=2747 (full 1105):
 PSYoungGen      total 29184K, used 26822K [0x00000000f5580000, 0x00000000f7980000, 0x0000000100000000)
  eden space 21504K, 100% used [0x00000000f5580000,0x00000000f6a80000,0x00000000f6a80000)
  from space 7680K, 69% used [0x00000000f6a80000,0x00000000f6fb1aa0,0x00000000f7200000)
  to   space 7680K, 0% used [0x00000000f7200000,0x00000000f7200000,0x00000000f7980000)
 ParOldGen       total 102400K, used 47962K [0x00000000e0000000, 0x00000000e6400000, 0x00000000f5580000)
  object space 102400K, 46% used [0x00000000e0000000,0x00000000e2ed6b48,0x00000000e6400000)
 Metaspace       used 94490K, capacity 100732K, committed 100952K, reserved 1138688K
  class space    used 10564K, capacity 12549K, committed 12632K, reserved 1048576K
Event: 417628.950 GC heap after
Heap after GC invocations=2747 (full 1105):
 PSYoungGen      total 28672K, used 5218K [0x00000000f5580000, 0x00000000f7a80000, 0x0000000100000000)
  eden space 20992K, 0% used [0x00000000f5580000,0x00000000f5580000,0x00000000f6a00000)
  from space 7680K, 67% used [0x00000000f7200000,0x00000000f77188f8,0x00000000f7980000)
  to   space 8192K, 0% used [0x00000000f6a00000,0x00000000f6a00000,0x00000000f7200000)
 ParOldGen       total 102400K, used 48298K [0x00000000e0000000, 0x00000000e6400000, 0x00000000f5580000)
  object space 102400K, 47% used [0x00000000e0000000,0x00000000e2f2ab48,0x00000000e6400000)
 Metaspace       used 94490K, capacity 100732K, committed 100952K, reserved 1138688K
  class space    used 10564K, capacity 12549K, committed 12632K, reserved 1048576K
}
Event: 417645.802 GC heap before
{Heap before GC invocations=2748 (full 1105):
 PSYoungGen      total 28672K, used 26210K [0x00000000f5580000, 0x00000000f7a80000, 0x0000000100000000)
  eden space 20992K, 100% used [0x00000000f5580000,0x00000000f6a00000,0x00000000f6a00000)
  from space 7680K, 67% used [0x00000000f7200000,0x00000000f77188f8,0x00000000f7980000)
  to   space 8192K, 0% used [0x00000000f6a00000,0x00000000f6a00000,0x00000000f7200000)
 ParOldGen       total 102400K, used 48298K [0x00000000e0000000, 0x00000000e6400000, 0x00000000f5580000)
  object space 102400K, 47% used [0x00000000e0000000,0x00000000e2f2ab48,0x00000000e6400000)
 Metaspace       used 94542K, capacity 100764K, committed 100952K, reserved 1138688K
  class space    used 10573K, capacity 12581K, committed 12632K, reserved 1048576K
Event: 417645.806 GC heap after
Heap after GC invocations=2748 (full 1105):
 PSYoungGen      total 25600K, used 4446K [0x00000000f5580000, 0x00000000f7900000, 0x0000000100000000)
  eden space 20992K, 0% used [0x00000000f5580000,0x00000000f5580000,0x00000000f6a00000)
  from space 4608K, 96% used [0x00000000f6a00000,0x00000000f6e578c0,0x00000000f6e80000)
  to   space 7680K, 0% used [0x00000000f7180000,0x00000000f7180000,0x00000000f7900000)
 ParOldGen       total 102400K, used 48873K [0x00000000e0000000, 0x00000000e6400000, 0x00000000f5580000)
  object space 102400K, 47% used [0x00000000e0000000,0x00000000e2fba488,0x00000000e6400000)
 Metaspace       used 94542K, capacity 100764K, committed 100952K, reserved 1138688K
  class space    used 10573K, capacity 12581K, committed 12632K, reserved 1048576K
}
Event: 417647.222 GC heap before
{Heap before GC invocations=2749 (full 1105):
 PSYoungGen      total 25600K, used 25438K [0x00000000f5580000, 0x00000000f7900000, 0x0000000100000000)
  eden space 20992K, 100% used [0x00000000f5580000,0x00000000f6a00000,0x00000000f6a00000)
  from space 4608K, 96% used [0x00000000f6a00000,0x00000000f6e578c0,0x00000000f6e80000)
  to   space 7680K, 0% used [0x00000000f7180000,0x00000000f7180000,0x00000000f7900000)
 ParOldGen       total 102400K, used 48873K [0x00000000e0000000, 0x00000000e6400000, 0x00000000f5580000)
  object space 102400K, 47% used [0x00000000e0000000,0x00000000e2fba488,0x00000000e6400000)
 Metaspace       used 94929K, capacity 101154K, committed 101464K, reserved 1138688K
  class space    used 10614K, capacity 12582K, committed 12632K, reserved 1048576K
Event: 417647.229 GC heap after
Heap after GC invocations=2749 (full 1105):
 PSYoungGen      total 28672K, used 3964K [0x00000000f5580000, 0x00000000f7900000, 0x0000000100000000)
  eden space 20992K, 0% used [0x00000000f5580000,0x00000000f5580000,0x00000000f6a00000)
  from space 7680K, 51% used [0x00000000f7180000,0x00000000f755f260,0x00000000f7900000)
  to   space 7680K, 0% used [0x00000000f6a00000,0x00000000f6a00000,0x00000000f7180000)
 ParOldGen       total 102400K, used 48937K [0x00000000e0000000, 0x00000000e6400000, 0x00000000f5580000)
  object space 102400K, 47% used [0x00000000e0000000,0x00000000e2fca488,0x00000000e6400000)
 Metaspace       used 94929K, capacity 101154K, committed 101464K, reserved 1138688K
  class space    used 10614K, capacity 12582K, committed 12632K, reserved 1048576K
}

