# JRE version: Java(TM) SE Runtime Environment (8.0_25-b18) (build 1.8.0_25-b18)
# Java VM: Java HotSpot(TM) 64-Bit Server VM (25.25-b02 mixed mode windows-amd64 compressed oops)
Heap:
 PSYoungGen      total 73216K, used 21443K [0x00000000f5580000, 0x00000000fb880000, 0x0000000100000000)
  eden space 48128K, 40% used [0x00000000f5580000,0x00000000f688b518,0x00000000f8480000)
  from space 25088K, 7% used [0x00000000f8480000,0x00000000f86658e0,0x00000000f9d00000)
  to   space 25088K, 0% used [0x00000000fa000000,0x00000000fa000000,0x00000000fb880000)
 ParOldGen       total 100864K, used 43741K [0x00000000e0000000, 0x00000000e6280000, 0x00000000f5580000)
  object space 100864K, 43% used [0x00000000e0000000,0x00000000e2ab7418,0x00000000e6280000)
 Metaspace       used 73877K, capacity 79858K, committed 80088K, reserved 1118208K
  class space    used 9191K, capacity 10967K, committed 10968K, reserved 1048576K
GC Heap History (10 events):
Event: 12.055 GC heap before
{Heap before GC invocations=17 (full 3):
 PSYoungGen      total 61440K, used 58376K [0x00000000f5580000, 0x00000000fa800000, 0x0000000100000000)
  eden space 45568K, 100% used [0x00000000f5580000,0x00000000f8200000,0x00000000f8200000)
  from space 15872K, 80% used [0x00000000f8200000,0x00000000f8e82278,0x00000000f9180000)
  to   space 16896K, 0% used [0x00000000f9780000,0x00000000f9780000,0x00000000fa800000)
 ParOldGen       total 100864K, used 30912K [0x00000000e0000000, 0x00000000e6280000, 0x00000000f5580000)
  object space 100864K, 30% used [0x00000000e0000000,0x00000000e1e303c8,0x00000000e6280000)
 Metaspace       used 69403K, capacity 74830K, committed 75096K, reserved 1114112K
  class space    used 8799K, capacity 10518K, committed 10584K, reserved 1048576K
Event: 12.071 GC heap after
Heap after GC invocations=17 (full 3):
 PSYoungGen      total 63488K, used 16892K [0x00000000f5580000, 0x00000000faf00000, 0x0000000100000000)
  eden space 46592K, 0% used [0x00000000f5580000,0x00000000f5580000,0x00000000f8300000)
  from space 16896K, 99% used [0x00000000f9780000,0x00000000fa7ff018,0x00000000fa800000)
  to   space 20992K, 0% used [0x00000000f8300000,0x00000000f8300000,0x00000000f9780000)
 ParOldGen       total 100864K, used 36342K [0x00000000e0000000, 0x00000000e6280000, 0x00000000f5580000)
  object space 100864K, 36% used [0x00000000e0000000,0x00000000e237d838,0x00000000e6280000)
 Metaspace       used 69403K, capacity 74830K, committed 75096K, reserved 1114112K
  class space    used 8799K, capacity 10518K, committed 10584K, reserved 1048576K
}
Event: 45.315 GC heap before
{Heap before GC invocations=18 (full 3):
 PSYoungGen      total 63488K, used 63484K [0x00000000f5580000, 0x00000000faf00000, 0x0000000100000000)
  eden space 46592K, 100% used [0x00000000f5580000,0x00000000f8300000,0x00000000f8300000)
  from space 16896K, 99% used [0x00000000f9780000,0x00000000fa7ff018,0x00000000fa800000)
  to   space 20992K, 0% used [0x00000000f8300000,0x00000000f8300000,0x00000000f9780000)
 ParOldGen       total 100864K, used 36342K [0x00000000e0000000, 0x00000000e6280000, 0x00000000f5580000)
  object space 100864K, 36% used [0x00000000e0000000,0x00000000e237d838,0x00000000e6280000)
 Metaspace       used 71212K, capacity 76842K, committed 77016K, reserved 1116160K
  class space    used 8948K, capacity 10694K, committed 10712K, reserved 1048576K
Event: 45.331 GC heap after
Heap after GC invocations=18 (full 3):
 PSYoungGen      total 67584K, used 18641K [0x00000000f5580000, 0x00000000fb380000, 0x0000000100000000)
  eden space 46592K, 0% used [0x00000000f5580000,0x00000000f5580000,0x00000000f8300000)
  from space 20992K, 88% used [0x00000000f8300000,0x00000000f9534550,0x00000000f9780000)
  to   space 23040K, 0% used [0x00000000f9d00000,0x00000000f9d00000,0x00000000fb380000)
 ParOldGen       total 100864K, used 36350K [0x00000000e0000000, 0x00000000e6280000, 0x00000000f5580000)
  object space 100864K, 36% used [0x00000000e0000000,0x00000000e237f838,0x00000000e6280000)
 Metaspace       used 71212K, capacity 76842K, committed 77016K, reserved 1116160K
  class space    used 8948K, capacity 10694K, committed 10712K, reserved 1048576K
}
Event: 64.989 GC heap before
{Heap before GC invocations=19 (full 3):
 PSYoungGen      total 67584K, used 46137K [0x00000000f5580000, 0x00000000fb380000, 0x0000000100000000)
  eden space 46592K, 59% used [0x00000000f5580000,0x00000000f705a128,0x00000000f8300000)
  from space 20992K, 88% used [0x00000000f8300000,0x00000000f9534550,0x00000000f9780000)
  to   space 23040K, 0% used [0x00000000f9d00000,0x00000000f9d00000,0x00000000fb380000)
 ParOldGen       total 100864K, used 36350K [0x00000000e0000000, 0x00000000e6280000, 0x00000000f5580000)
  object space 100864K, 36% used [0x00000000e0000000,0x00000000e237f838,0x00000000e6280000)
 Metaspace       used 72001K, capacity 77712K, committed 77912K, reserved 1116160K
  class space    used 9033K, capacity 10805K, committed 10840K, reserved 1048576K
Event: 65.023 GC heap after
Heap after GC invocations=19 (full 3):
 PSYoungGen      total 71168K, used 19503K [0x00000000f5580000, 0x00000000fb780000, 0x0000000100000000)
  eden space 48128K, 0% used [0x00000000f5580000,0x00000000f5580000,0x00000000f8480000)
  from space 23040K, 84% used [0x00000000f9d00000,0x00000000fb00be18,0x00000000fb380000)
  to   space 25088K, 0% used [0x00000000f8480000,0x00000000f8480000,0x00000000f9d00000)
 ParOldGen       total 100864K, used 36358K [0x00000000e0000000, 0x00000000e6280000, 0x00000000f5580000)
  object space 100864K, 36% used [0x00000000e0000000,0x00000000e2381838,0x00000000e6280000)
 Metaspace       used 72001K, capacity 77712K, committed 77912K, reserved 1116160K
  class space    used 9033K, capacity 10805K, committed 10840K, reserved 1048576K
}
Event: 65.024 GC heap before
{Heap before GC invocations=20 (full 4):
 PSYoungGen      total 71168K, used 19503K [0x00000000f5580000, 0x00000000fb780000, 0x0000000100000000)
  eden space 48128K, 0% used [0x00000000f5580000,0x00000000f5580000,0x00000000f8480000)
  from space 23040K, 84% used [0x00000000f9d00000,0x00000000fb00be18,0x00000000fb380000)
  to   space 25088K, 0% used [0x00000000f8480000,0x00000000f8480000,0x00000000f9d00000)
 ParOldGen       total 100864K, used 36358K [0x00000000e0000000, 0x00000000e6280000, 0x00000000f5580000)
  object space 100864K, 36% used [0x00000000e0000000,0x00000000e2381838,0x00000000e6280000)
 Metaspace       used 72001K, capacity 77712K, committed 77912K, reserved 1116160K
  class space    used 9033K, capacity 10805K, committed 10840K, reserved 1048576K
Event: 65.291 GC heap after
Heap after GC invocations=20 (full 4):
 PSYoungGen      total 71168K, used 0K [0x00000000f5580000, 0x00000000fb780000, 0x0000000100000000)
  eden space 48128K, 0% used [0x00000000f5580000,0x00000000f5580000,0x00000000f8480000)
  from space 23040K, 0% used [0x00000000f9d00000,0x00000000f9d00000,0x00000000fb380000)
  to   space 25088K, 0% used [0x00000000f8480000,0x00000000f8480000,0x00000000f9d00000)
 ParOldGen       total 100864K, used 43733K [0x00000000e0000000, 0x00000000e6280000, 0x00000000f5580000)
  object space 100864K, 43% used [0x00000000e0000000,0x00000000e2ab5418,0x00000000e6280000)
 Metaspace       used 72001K, capacity 77712K, committed 77912K, reserved 1116160K
  class space    used 9033K, capacity 10805K, committed 10840K, reserved 1048576K
}
Event: 118.365 GC heap before
{Heap before GC invocations=21 (full 4):
 PSYoungGen      total 71168K, used 48128K [0x00000000f5580000, 0x00000000fb780000, 0x0000000100000000)
  eden space 48128K, 100% used [0x00000000f5580000,0x00000000f8480000,0x00000000f8480000)
  from space 23040K, 0% used [0x00000000f9d00000,0x00000000f9d00000,0x00000000fb380000)
  to   space 25088K, 0% used [0x00000000f8480000,0x00000000f8480000,0x00000000f9d00000)
 ParOldGen       total 100864K, used 43733K [0x00000000e0000000, 0x00000000e6280000, 0x00000000f5580000)
  object space 100864K, 43% used [0x00000000e0000000,0x00000000e2ab5418,0x00000000e6280000)
 Metaspace       used 72571K, capacity 78352K, committed 78424K, reserved 1116160K
  class space    used 9052K, capacity 10805K, committed 10840K, reserved 1048576K
Event: 118.374 GC heap after
Heap after GC invocations=21 (full 4):
 PSYoungGen      total 73216K, used 1942K [0x00000000f5580000, 0x00000000fb880000, 0x0000000100000000)
  eden space 48128K, 0% used [0x00000000f5580000,0x00000000f5580000,0x00000000f8480000)
  from space 25088K, 7% used [0x00000000f8480000,0x00000000f86658e0,0x00000000f9d00000)
  to   space 25088K, 0% used [0x00000000fa000000,0x00000000fa000000,0x00000000fb880000)
 ParOldGen       total 100864K, used 43741K [0x00000000e0000000, 0x00000000e6280000, 0x00000000f5580000)
  object space 100864K, 43% used [0x00000000e0000000,0x00000000e2ab7418,0x00000000e6280000)
 Metaspace       used 72571K, capacity 78352K, committed 78424K, reserved 1116160K
  class space    used 9052K, capacity 10805K, committed 10840K, reserved 1048576K
}

